<?xml version="1.0" encoding="UTF-8" ?>
<testsuite failures="0" time="0.2" errors="0" skipped="0" tests="9" name="com.springsource.pizzashop.domain.ToppingIntegrationTest">
  <properties>
[...]
</properties>
  <testcase time="0.014" classname="com.springsource.pizzashop.domain.ToppingIntegrationTest" name="testMarkerMethod"/>
  <testcase time="0.049" classname="com.springsource.pizzashop.domain.ToppingIntegrationTest" name="testCountToppings"/>
  <testcase time="0.012" classname="com.springsource.pizzashop.domain.ToppingIntegrationTest" name="testFindTopping"/>
  <testcase time="0.019" classname="com.springsource.pizzashop.domain.ToppingIntegrationTest" name="testFindAllToppings"/>
  <testcase time="0.016" classname="com.springsource.pizzashop.domain.ToppingIntegrationTest" name="testFindToppingEntries"/>
  <testcase time="0.013" classname="com.springsource.pizzashop.domain.ToppingIntegrationTest" name="testFlush"/>
  <testcase time="0.014" classname="com.springsource.pizzashop.domain.ToppingIntegrationTest" name="testMerge"/>
  <testcase time="0.024" classname="com.springsource.pizzashop.domain.ToppingIntegrationTest" name="testPersist"/>
  <testcase time="0.015" classname="com.springsource.pizzashop.domain.ToppingIntegrationTest" name="testRemove"/>
</testsuite>